Start testing: May 19 18:49 MSK
----------------------------------------------------------
1/1 Testing: check
1/1 Test: check
Command: "/home/tony/DckFgtsn/workspace/tasks/RK2/_build/check"
Directory: /home/tony/DckFgtsn/workspace/tasks/RK2/_build
"check" start time: May 19 18:49 MSK
Output:
----------------------------------------------------------
Running main() from /home/tony/DckFgtsn/workspace/tasks/RK2/third-party/gtest/googletest/src/gtest_main.cc
[==========] Running 1 test from 1 test suite.
[----------] Global test environment set-up.
[----------] 1 test from concept1
[ RUN      ] concept1.good
Concrete Implementor's Operation
[       OK ] concept1.good (0 ms)
[----------] 1 test from concept1 (0 ms total)

[----------] Global test environment tear-down
[==========] 1 test from 1 test suite ran. (0 ms total)
[  PASSED  ] 1 test.
<end of output>
Test time =   0.01 sec
----------------------------------------------------------
Test Passed.
"check" end time: May 19 18:49 MSK
"check" time elapsed: 00:00:00
----------------------------------------------------------

End testing: May 19 18:49 MSK
